INFO:     Will watch for changes in these directories: ['/Users/jeremyklar/Desktop/cal-book']
INFO:     Uvicorn running on http://0.0.0.0:8080 (Press CTRL+C to quit)
INFO:     Started reloader process [95886] using WatchFiles

  free-cal running at http://localhost:8080

INFO:     Started server process [95888]
INFO:     Waiting for application startup.
INFO:     Application startup complete.
INFO:     47.152.40.233:0 - "GET / HTTP/1.1" 500 Internal Server Error
ERROR:    Exception in ASGI application
Traceback (most recent call last):
  File "/Users/jeremyklar/Desktop/cal-book/venv/lib/python3.14/site-packages/uvicorn/protocols/http/httptools_impl.py", line 421, in run_asgi
    result = await app(  # type: ignore[func-returns-value]
             ^^^^^^^^^^^^^^^^^^^^^^^^^^^^^^^^^^^^^^^^^^^^^^
        self.scope, self.receive, self.send
        ^^^^^^^^^^^^^^^^^^^^^^^^^^^^^^^^^^^
    )
    ^
  File "/Users/jeremyklar/Desktop/cal-book/venv/lib/python3.14/site-packages/uvicorn/middleware/proxy_headers.py", line 56, in __call__
    return await self.app(scope, receive, send)
           ^^^^^^^^^^^^^^^^^^^^^^^^^^^^^^^^^^^^
  File "/Users/jeremyklar/Desktop/cal-book/venv/lib/python3.14/site-packages/fastapi/applications.py", line 1159, in __call__
    await super().__call__(scope, receive, send)
  File "/Users/jeremyklar/Desktop/cal-book/venv/lib/python3.14/site-packages/starlette/applications.py", line 90, in __call__
    await self.middleware_stack(scope, receive, send)
  File "/Users/jeremyklar/Desktop/cal-book/venv/lib/python3.14/site-packages/starlette/middleware/errors.py", line 186, in __call__
    raise exc
  File "/Users/jeremyklar/Desktop/cal-book/venv/lib/python3.14/site-packages/starlette/middleware/errors.py", line 164, in __call__
    await self.app(scope, receive, _send)
  File "/Users/jeremyklar/Desktop/cal-book/venv/lib/python3.14/site-packages/starlette/middleware/exceptions.py", line 63, in __call__
    await wrap_app_handling_exceptions(self.app, conn)(scope, receive, send)
  File "/Users/jeremyklar/Desktop/cal-book/venv/lib/python3.14/site-packages/starlette/_exception_handler.py", line 53, in wrapped_app
    raise exc
  File "/Users/jeremyklar/Desktop/cal-book/venv/lib/python3.14/site-packages/starlette/_exception_handler.py", line 42, in wrapped_app
    await app(scope, receive, sender)
  File "/Users/jeremyklar/Desktop/cal-book/venv/lib/python3.14/site-packages/fastapi/middleware/asyncexitstack.py", line 18, in __call__
    await self.app(scope, receive, send)
  File "/Users/jeremyklar/Desktop/cal-book/venv/lib/python3.14/site-packages/starlette/routing.py", line 660, in __call__
    await self.middleware_stack(scope, receive, send)
  File "/Users/jeremyklar/Desktop/cal-book/venv/lib/python3.14/site-packages/starlette/routing.py", line 680, in app
    await route.handle(scope, receive, send)
  File "/Users/jeremyklar/Desktop/cal-book/venv/lib/python3.14/site-packages/starlette/routing.py", line 276, in handle
    await self.app(scope, receive, send)
  File "/Users/jeremyklar/Desktop/cal-book/venv/lib/python3.14/site-packages/fastapi/routing.py", line 134, in app
    await wrap_app_handling_exceptions(app, request)(scope, receive, send)
  File "/Users/jeremyklar/Desktop/cal-book/venv/lib/python3.14/site-packages/starlette/_exception_handler.py", line 53, in wrapped_app
    raise exc
  File "/Users/jeremyklar/Desktop/cal-book/venv/lib/python3.14/site-packages/starlette/_exception_handler.py", line 42, in wrapped_app
    await app(scope, receive, sender)
  File "/Users/jeremyklar/Desktop/cal-book/venv/lib/python3.14/site-packages/fastapi/routing.py", line 120, in app
    response = await f(request)
               ^^^^^^^^^^^^^^^^
  File "/Users/jeremyklar/Desktop/cal-book/venv/lib/python3.14/site-packages/fastapi/routing.py", line 674, in app
    raw_response = await run_endpoint_function(
                   ^^^^^^^^^^^^^^^^^^^^^^^^^^^^
    ...<3 lines>...
    )
    ^
  File "/Users/jeremyklar/Desktop/cal-book/venv/lib/python3.14/site-packages/fastapi/routing.py", line 328, in run_endpoint_function
    return await dependant.call(**values)
           ^^^^^^^^^^^^^^^^^^^^^^^^^^^^^^
  File "/Users/jeremyklar/Desktop/cal-book/main.py", line 187, in booking_page
    return templates.TemplateResponse(request, "book.html", {
           ~~~~~~~~~~~~~~~~~~~~~~~~~~^^^^^^^^^^^^^^^^^^^^^^^^
        "config": config,
        ^^^^^^^^^^^^^^^^^
        "days":   days,
        ^^^^^^^^^^^^^^^
    })
    ^^
  File "/Users/jeremyklar/Desktop/cal-book/venv/lib/python3.14/site-packages/starlette/templating.py", line 149, in TemplateResponse
    return _TemplateResponse(
        template,
    ...<4 lines>...
        background=background,
    )
  File "/Users/jeremyklar/Desktop/cal-book/venv/lib/python3.14/site-packages/starlette/templating.py", line 43, in __init__
    content = template.render(context)
  File "/Users/jeremyklar/Desktop/cal-book/venv/lib/python3.14/site-packages/jinja2/environment.py", line 1304, in render
    self.environment.handle_exception()
    ~~~~~~~~~~~~~~~~~~~~~~~~~~~~~~~~~^^
  File "/Users/jeremyklar/Desktop/cal-book/venv/lib/python3.14/site-packages/jinja2/environment.py", line 939, in handle_exception
    raise rewrite_traceback_stack(source=source)
  File "templates/book.html", line 184, in top-level template code
    const days = {{ days | tojson }};
    ^^^^^^^^^^^^^^^^^^^^^^^
  File "/Users/jeremyklar/Desktop/cal-book/venv/lib/python3.14/site-packages/jinja2/filters.py", line 1714, in do_tojson
    return htmlsafe_json_dumps(value, dumps=dumps, **kwargs)
  File "/Users/jeremyklar/Desktop/cal-book/venv/lib/python3.14/site-packages/jinja2/utils.py", line 658, in htmlsafe_json_dumps
    dumps(obj, **kwargs)
    ~~~~~^^^^^^^^^^^^^^^
  File "/opt/homebrew/Cellar/python@3.14/3.14.3_1/Frameworks/Python.framework/Versions/3.14/lib/python3.14/json/__init__.py", line 242, in dumps
    **kw).encode(obj)
          ~~~~~~^^^^^
  File "/opt/homebrew/Cellar/python@3.14/3.14.3_1/Frameworks/Python.framework/Versions/3.14/lib/python3.14/json/encoder.py", line 202, in encode
    chunks = self.iterencode(o, _one_shot=True)
  File "/opt/homebrew/Cellar/python@3.14/3.14.3_1/Frameworks/Python.framework/Versions/3.14/lib/python3.14/json/encoder.py", line 263, in iterencode
    return _iterencode(o, 0)
  File "/opt/homebrew/Cellar/python@3.14/3.14.3_1/Frameworks/Python.framework/Versions/3.14/lib/python3.14/json/encoder.py", line 182, in default
    raise TypeError(f'Object of type {o.__class__.__name__} '
                    f'is not JSON serializable')
TypeError: Object of type date is not JSON serializable
when serializing dict item 'date'
when serializing list item 0
INFO:     47.152.40.233:0 - "GET /favicon.ico HTTP/1.1" 404 Not Found
WARNING:  WatchFiles detected changes in 'main.py'. Reloading...
INFO:     Shutting down
INFO:     Waiting for application shutdown.
INFO:     Application shutdown complete.
INFO:     Finished server process [95888]
INFO:     Started server process [95904]
INFO:     Waiting for application startup.
INFO:     Application startup complete.
WARNING:  WatchFiles detected changes in 'main.py'. Reloading...
INFO:     Shutting down
INFO:     Waiting for application shutdown.
INFO:     Application shutdown complete.
INFO:     Finished server process [95904]
INFO:     Started server process [95915]
INFO:     Waiting for application startup.
INFO:     Application startup complete.
INFO:     47.152.40.233:0 - "GET / HTTP/1.1" 200 OK
INFO:     47.152.40.233:0 - "POST /book HTTP/1.1" 303 See Other
INFO:     47.152.40.233:0 - "GET /confirmed?name=Jeremy%20Klar&slot=2026-05-07T09:30:00-07:00 HTTP/1.1" 200 OK
INFO:     47.152.40.233:0 - "GET /confirmed?name=Jeremy%20Klar&slot=2026-05-07T09:30:00-07:00 HTTP/1.1" 200 OK
INFO:     47.152.40.233:0 - "GET / HTTP/1.1" 200 OK
WARNING:  WatchFiles detected changes in 'calendar_client.py'. Reloading...
INFO:     Shutting down
INFO:     Waiting for application shutdown.
INFO:     Application shutdown complete.
INFO:     Finished server process [95915]
INFO:     Started server process [96074]
INFO:     Waiting for application startup.
INFO:     Application startup complete.
WARNING:  WatchFiles detected changes in 'calendar_client.py'. Reloading...
INFO:     Shutting down
INFO:     Waiting for application shutdown.
INFO:     Application shutdown complete.
INFO:     Finished server process [96074]
INFO:     Started server process [96075]
INFO:     Waiting for application startup.
INFO:     Application startup complete.
WARNING:  WatchFiles detected changes in 'setup.py'. Reloading...
INFO:     Shutting down
INFO:     Waiting for application shutdown.
INFO:     Application shutdown complete.
INFO:     Finished server process [96075]
INFO:     Started server process [96078]
INFO:     Waiting for application startup.
INFO:     Application startup complete.
WARNING:  WatchFiles detected changes in 'setup.py'. Reloading...
INFO:     Shutting down
INFO:     Waiting for application shutdown.
INFO:     Application shutdown complete.
INFO:     Finished server process [96078]
INFO:     Started server process [96080]
INFO:     Waiting for application startup.
INFO:     Application startup complete.
WARNING:  WatchFiles detected changes in 'setup.py'. Reloading...
INFO:     Shutting down
INFO:     Waiting for application shutdown.
INFO:     Application shutdown complete.
INFO:     Finished server process [96080]
INFO:     Started server process [96084]
INFO:     Waiting for application startup.
INFO:     Application startup complete.
WARNING:  WatchFiles detected changes in 'setup.py'. Reloading...
INFO:     Shutting down
INFO:     Waiting for application shutdown.
INFO:     Application shutdown complete.
INFO:     Finished server process [96084]
INFO:     Started server process [96085]
INFO:     Waiting for application startup.
INFO:     Application startup complete.
WARNING:  WatchFiles detected changes in 'setup.py'. Reloading...
INFO:     Shutting down
INFO:     Waiting for application shutdown.
INFO:     Application shutdown complete.
INFO:     Finished server process [96085]
INFO:     Started server process [96089]
INFO:     Waiting for application startup.
INFO:     Application startup complete.
WARNING:  WatchFiles detected changes in 'setup.py'. Reloading...
INFO:     Shutting down
INFO:     Waiting for application shutdown.
INFO:     Application shutdown complete.
INFO:     Finished server process [96089]
INFO:     Started server process [96090]
INFO:     Waiting for application startup.
INFO:     Application startup complete.
WARNING:  WatchFiles detected changes in 'setup.py'. Reloading...
INFO:     Shutting down
INFO:     Waiting for application shutdown.
INFO:     Application shutdown complete.
INFO:     Finished server process [96090]
INFO:     Started server process [96306]
INFO:     Waiting for application startup.
INFO:     Application startup complete.
WARNING:  WatchFiles detected changes in 'setup.py'. Reloading...
INFO:     Shutting down
INFO:     Waiting for application shutdown.
INFO:     Application shutdown complete.
INFO:     Finished server process [96306]
INFO:     Started server process [96307]
INFO:     Waiting for application startup.
INFO:     Application startup complete.
WARNING:  WatchFiles detected changes in 'setup.py'. Reloading...
INFO:     Shutting down
INFO:     Waiting for application shutdown.
INFO:     Application shutdown complete.
INFO:     Finished server process [96307]
INFO:     Started server process [96316]
INFO:     Waiting for application startup.
INFO:     Application startup complete.
WARNING:  WatchFiles detected changes in 'setup.py'. Reloading...
INFO:     Shutting down
INFO:     Waiting for application shutdown.
INFO:     Application shutdown complete.
INFO:     Finished server process [96316]
INFO:     Started server process [96317]
INFO:     Waiting for application startup.
INFO:     Application startup complete.
